<?xml version="1.0" encoding="UTF-8"?>
<!-- Generated by org.testng.reporters.JUnitReportReporter -->
<testsuite skipped="0" hostname="DESKTOP-GJSR5I4" name="Runners.TestRunnerTestng" tests="3" failures="0" timestamp="08 Dec 2020 07:51:41 GMT" time="230.882" errors="0">
  <testcase name="feature" time="14.706" classname="Runners.TestRunnerTestng"/>
  <testcase name="feature" time="64.983" classname="Runners.TestRunnerTestng"/>
  <testcase name="feature" time="151.193" classname="Runners.TestRunnerTestng"/>
</testsuite> <!-- Runners.TestRunnerTestng -->
