<?xml version="1.0" encoding="UTF-8"?>
<!-- Generated by org.testng.reporters.JUnitReportReporter -->
<testsuite skipped="0" hostname="DESKTOP-GJSR5I4" name="Runners.TestRunner" tests="1" failures="0" timestamp="07 Dec 2020 11:25:48 GMT" time="18.838" errors="0">
  <testcase name="feature" time="18.838" classname="Runners.TestRunner"/>
</testsuite> <!-- Runners.TestRunner -->
