<?xml version="1.0" encoding="UTF-8"?>
<!-- Generated by org.testng.reporters.JUnitReportReporter -->
<testsuite skipped="0" hostname="DESKTOP-GJSR5I4" name="Runners.TestRunnerTestng" tests="1" failures="0" timestamp="09 Dec 2020 03:41:17 GMT" time="30.667" errors="0">
  <testcase name="runScenario" time="30.667" classname="Runners.TestRunnerTestng"/>
</testsuite> <!-- Runners.TestRunnerTestng -->
